<?xml version="1.0" encoding="UTF-8"?>
<!-- Generated by org.testng.reporters.JUnitReportReporter -->
<testsuite hostname="DESKTOP-CD64S2Q" failures="0" tests="1" name="PersonSide.Person.testCase.Edit.TestCase_EditPerson_Correct" time="24.477" errors="0" timestamp="2022-01-25T17:30:41 IRST" skipped="0">
  <testcase classname="PersonSide.Person.testCase.Edit.TestCase_EditPerson_Correct" name="f" time="24.477"/>
  <system-out/>
</testsuite> <!-- PersonSide.Person.testCase.Edit.TestCase_EditPerson_Correct -->
