<?xml version="1.0" encoding="UTF-8"?>
<!-- Generated by org.testng.reporters.JUnitReportReporter -->
<testsuite hostname="DESKTOP-CD64S2Q" failures="0" tests="1" name="PersonSide.Person.testCase.TestCase_CreatePerson_CorrectMandatory" time="26.368" errors="0" timestamp="2022-01-24T17:21:10 IRST" skipped="0">
  <testcase classname="PersonSide.Person.testCase.TestCase_CreatePerson_CorrectMandatory" name="f" time="26.368"/>
  <system-out/>
</testsuite> <!-- PersonSide.Person.testCase.TestCase_CreatePerson_CorrectMandatory -->
