<?xml version="1.0" encoding="UTF-8"?>
<!-- Generated by org.testng.reporters.JUnitReportReporter -->
<testsuite hostname="DESKTOP-CD64S2Q" failures="0" tests="1" name="AccountSide.AccountGroup.testCase.TestCase_CreateAccountGroupCorrect" time="9.572" errors="0" timestamp="2022-01-10T10:45:06 IRST" skipped="0">
  <testcase classname="AccountSide.AccountGroup.testCase.TestCase_CreateAccountGroupCorrect" name="f" time="9.572"/>
  <system-out/>
</testsuite> <!-- AccountSide.AccountGroup.testCase.TestCase_CreateAccountGroupCorrect -->
