<?xml version="1.0" encoding="UTF-8"?>
<!-- Generated by org.testng.reporters.JUnitReportReporter -->
<testsuite hostname="DESKTOP-CD64S2Q" failures="0" tests="1" name="Establishment.Login.testCase.TestCase_LoginUsernameWrong_PasswordCorrect_WithEmail" time="4.986" errors="0" timestamp="2022-01-18T14:49:53 IRST" skipped="0">
  <testcase classname="Establishment.Login.testCase.TestCase_LoginUsernameWrong_PasswordCorrect_WithEmail" name="f" time="4.986"/>
  <system-out/>
</testsuite> <!-- Establishment.Login.testCase.TestCase_LoginUsernameWrong_PasswordCorrect_WithEmail -->
