<?xml version="1.0" encoding="UTF-8"?>
<!-- Generated by org.testng.reporters.JUnitReportReporter -->
<testsuite hostname="DESKTOP-CD64S2Q" failures="0" tests="1" name="Establishment.Login.testCase.TestCase_LoginFileUsernameCorrect_PasswordWrong" time="13.027" errors="0" timestamp="2022-01-08T15:04:12 IRST" skipped="0">
  <testcase classname="Establishment.Login.testCase.TestCase_LoginFileUsernameCorrect_PasswordWrong" name="f" time="13.027"/>
  <system-out/>
</testsuite> <!-- Establishment.Login.testCase.TestCase_LoginFileUsernameCorrect_PasswordWrong -->
