<?xml version="1.0" encoding="UTF-8"?>
<!-- Generated by org.testng.reporters.JUnitReportReporter -->
<testsuite hostname="DESKTOP-CD64S2Q" failures="0" tests="1" name="PersonSide.Person.testCase.Create.TestCase_CreatePerson_DisplayNameEmpty" time="11.813" errors="0" timestamp="2022-01-29T14:41:33 IRST" skipped="0">
  <testcase classname="PersonSide.Person.testCase.Create.TestCase_CreatePerson_DisplayNameEmpty" name="f" time="11.813"/>
  <system-out/>
</testsuite> <!-- PersonSide.Person.testCase.Create.TestCase_CreatePerson_DisplayNameEmpty -->
