<?xml version="1.0" encoding="UTF-8"?>
<!-- Generated by org.testng.reporters.JUnitReportReporter -->
<testsuite hostname="DESKTOP-CD64S2Q" failures="0" tests="1" name="Establishment.Login.testCase.TestCase_LoginCorrectWhitNumber" time="6.778" errors="0" timestamp="2022-01-09T16:22:03 IRST" skipped="0">
  <testcase classname="Establishment.Login.testCase.TestCase_LoginCorrectWhitNumber" name="f" time="6.778"/>
  <system-out/>
</testsuite> <!-- Establishment.Login.testCase.TestCase_LoginCorrectWhitNumber -->
