<?xml version="1.0" encoding="UTF-8"?>
<!-- Generated by org.testng.reporters.JUnitReportReporter -->
<testsuite hostname="DESKTOP-CD64S2Q" failures="0" tests="1" name="PersonSide.PersonGroup.testCase.Delete.TestCase_DeletePersonGroup_Correct" time="10.051" errors="0" timestamp="2022-01-25T14:01:52 IRST" skipped="0">
  <testcase classname="PersonSide.PersonGroup.testCase.Delete.TestCase_DeletePersonGroup_Correct" name="f" time="10.051"/>
  <system-out/>
</testsuite> <!-- PersonSide.PersonGroup.testCase.Delete.TestCase_DeletePersonGroup_Correct -->
