<?xml version="1.0" encoding="UTF-8"?>
<!-- Generated by org.testng.reporters.JUnitReportReporter -->
<testsuite hostname="DESKTOP-CD64S2Q" failures="0" tests="1" name="Establishment.Login.testCase.TestCase_LoginUsernameWrong_PasswordCorrect_WithNumber" time="5.261" errors="0" timestamp="2022-01-18T14:49:15 IRST" skipped="0">
  <testcase classname="Establishment.Login.testCase.TestCase_LoginUsernameWrong_PasswordCorrect_WithNumber" name="f" time="5.261"/>
  <system-out/>
</testsuite> <!-- Establishment.Login.testCase.TestCase_LoginUsernameWrong_PasswordCorrect_WithNumber -->
