<?xml version="1.0" encoding="UTF-8"?>
<!-- Generated by org.testng.reporters.JUnitReportReporter -->
<testsuite hostname="DESKTOP-CD64S2Q" failures="0" tests="1" name="AccountSide.AccountGroup.testCase.TestCase_CreateAccountGroupCorrect_WithButton" time="12.264" errors="0" timestamp="2022-01-10T12:00:06 IRST" skipped="0">
  <testcase classname="AccountSide.AccountGroup.testCase.TestCase_CreateAccountGroupCorrect_WithButton" name="f" time="12.264"/>
  <system-out/>
</testsuite> <!-- AccountSide.AccountGroup.testCase.TestCase_CreateAccountGroupCorrect_WithButton -->
