<?xml version="1.0" encoding="UTF-8"?>
<!-- Generated by org.testng.reporters.JUnitReportReporter -->
<testsuite hostname="DESKTOP-CD64S2Q" failures="0" tests="1" name="PersonSide.Person.testCase.TestCase_CreatePerson_DisplayNameEmpty" time="22.868" errors="0" timestamp="2022-01-24T17:31:27 IRST" skipped="0">
  <testcase classname="PersonSide.Person.testCase.TestCase_CreatePerson_DisplayNameEmpty" name="f" time="22.868"/>
  <system-out/>
</testsuite> <!-- PersonSide.Person.testCase.TestCase_CreatePerson_DisplayNameEmpty -->
