<?xml version="1.0" encoding="UTF-8"?>
<!-- Generated by org.testng.reporters.JUnitReportReporter -->
<testsuite hostname="DESKTOP-CD64S2Q" failures="0" tests="1" name="PersonSide.Person.testCase.Sreach.TestCase_SreachPerson" time="6.859" errors="0" timestamp="2022-01-29T14:17:20 IRST" skipped="0">
  <testcase classname="PersonSide.Person.testCase.Sreach.TestCase_SreachPerson" name="f" time="6.859"/>
  <system-out/>
</testsuite> <!-- PersonSide.Person.testCase.Sreach.TestCase_SreachPerson -->
