<?xml version="1.0" encoding="UTF-8"?>
<!-- Generated by org.testng.reporters.JUnitReportReporter -->
<testsuite hostname="DESKTOP-CD64S2Q" failures="0" tests="1" name="AccountSide.Accounts.testCase.TestCase_CreateAccountCorrect_WitButton" time="0.002" errors="0" timestamp="2022-01-18T11:03:44 IRST" skipped="0">
  <testcase classname="AccountSide.Accounts.testCase.TestCase_CreateAccountCorrect_WitButton" name="f" time="0.002"/>
  <system-out/>
</testsuite> <!-- AccountSide.Accounts.testCase.TestCase_CreateAccountCorrect_WitButton -->
