<?xml version="1.0" encoding="UTF-8"?>
<!-- Generated by org.testng.reporters.JUnitReportReporter -->
<testsuite hostname="DESKTOP-CD64S2Q" failures="0" tests="1" name="PersonSide.Person.testCase.TestCase_CreatePerson_LastNameEmpty" time="24.628" errors="0" timestamp="2022-01-24T17:24:08 IRST" skipped="0">
  <testcase classname="PersonSide.Person.testCase.TestCase_CreatePerson_LastNameEmpty" name="f" time="24.628"/>
  <system-out/>
</testsuite> <!-- PersonSide.Person.testCase.TestCase_CreatePerson_LastNameEmpty -->
