<?xml version="1.0" encoding="UTF-8"?>
<!-- Generated by org.testng.reporters.JUnitReportReporter -->
<testsuite hostname="DESKTOP-CD64S2Q" failures="0" tests="1" name="PersonSide.Person.testCase.Create.TestCase_CreatePersonCorrect_WithIcon" time="9.255" errors="0" timestamp="2022-01-29T14:56:39 IRST" skipped="0">
  <testcase classname="PersonSide.Person.testCase.Create.TestCase_CreatePersonCorrect_WithIcon" name="f" time="9.255"/>
  <system-out/>
</testsuite> <!-- PersonSide.Person.testCase.Create.TestCase_CreatePersonCorrect_WithIcon -->
