<?xml version="1.0" encoding="UTF-8"?>
<!-- Generated by org.testng.reporters.JUnitReportReporter -->
<testsuite hostname="DESKTOP-CD64S2Q" failures="0" tests="1" name="Establishment.Login.testCase.TestCase_LoginUsernameCorrect_PasswordWrong_WithEmail" time="5.265" errors="0" timestamp="2022-01-18T14:50:54 IRST" skipped="0">
  <testcase classname="Establishment.Login.testCase.TestCase_LoginUsernameCorrect_PasswordWrong_WithEmail" name="f" time="5.265"/>
  <system-out/>
</testsuite> <!-- Establishment.Login.testCase.TestCase_LoginUsernameCorrect_PasswordWrong_WithEmail -->
