<?xml version="1.0" encoding="UTF-8"?>
<!-- Generated by org.testng.reporters.JUnitReportReporter -->
<testsuite hostname="DESKTOP-CD64S2Q" failures="0" tests="1" name="edit_factors.TestCase_LoginCorrect_WithNumber" time="1376.897" errors="0" timestamp="2022-03-06T16:43:35 IRST" skipped="0">
  <testcase classname="edit_factors.TestCase_LoginCorrect_WithNumber" name="f" time="1376.897"/>
  <system-out/>
</testsuite> <!-- edit_factors.TestCase_LoginCorrect_WithNumber -->
