<?xml version="1.0" encoding="UTF-8"?>
<!-- Generated by org.testng.reporters.JUnitReportReporter -->
<testsuite hostname="DESKTOP-CD64S2Q" failures="0" tests="1" name="PersonSide.Person.testCase.TestCase_CreatePerson_CodeWrong" time="13.984" errors="0" timestamp="2022-01-24T15:37:29 IRST" skipped="0">
  <testcase classname="PersonSide.Person.testCase.TestCase_CreatePerson_CodeWrong" name="f" time="13.984"/>
  <system-out/>
</testsuite> <!-- PersonSide.Person.testCase.TestCase_CreatePerson_CodeWrong -->
