<?xml version="1.0" encoding="UTF-8"?>
<!-- Generated by org.testng.reporters.JUnitReportReporter -->
<testsuite hostname="DESKTOP-CD64S2Q" failures="0" tests="1" name="AccountSide.AccountGroup.testCase.Delete.TestCase_DeleteAccountGroupCorrect" time="11.257" errors="0" timestamp="2022-01-10T14:26:32 IRST" skipped="0">
  <testcase classname="AccountSide.AccountGroup.testCase.Delete.TestCase_DeleteAccountGroupCorrect" name="f" time="11.257"/>
  <system-out/>
</testsuite> <!-- AccountSide.AccountGroup.testCase.Delete.TestCase_DeleteAccountGroupCorrect -->
