<?xml version="1.0" encoding="UTF-8"?>
<!-- Generated by org.testng.reporters.JUnitReportReporter -->
<testsuite hostname="DESKTOP-CD64S2Q" failures="0" tests="1" name="Establishment.Login.testCase.TestCase_LoginWrong_WithEmail" time="4.213" errors="0" timestamp="2022-01-18T14:47:55 IRST" skipped="0">
  <testcase classname="Establishment.Login.testCase.TestCase_LoginWrong_WithEmail" name="f" time="4.213"/>
  <system-out/>
</testsuite> <!-- Establishment.Login.testCase.TestCase_LoginWrong_WithEmail -->
