<?xml version="1.0" encoding="UTF-8"?>
<!-- Generated by org.testng.reporters.JUnitReportReporter -->
<testsuite hostname="DESKTOP-CD64S2Q" failures="0" tests="1" name="Establishment.Login.testCase.TestCase_Login" time="12.399" errors="0" timestamp="2022-01-08T11:41:29 IRST" skipped="0">
  <testcase classname="Establishment.Login.testCase.TestCase_Login" name="f" time="12.399"/>
  <system-out/>
</testsuite> <!-- Establishment.Login.testCase.TestCase_Login -->
