<?xml version="1.0" encoding="UTF-8"?>
<!-- Generated by org.testng.reporters.JUnitReportReporter -->
<testsuite hostname="DESKTOP-CD64S2Q" failures="0" tests="1" name="PersonSide.Person.testCase.Delete.TestCase_DeletePerson_Wrong_Some" time="10.272" errors="0" timestamp="2022-01-25T14:25:35 IRST" skipped="0">
  <testcase classname="PersonSide.Person.testCase.Delete.TestCase_DeletePerson_Wrong_Some" name="f" time="10.272"/>
  <system-out/>
</testsuite> <!-- PersonSide.Person.testCase.Delete.TestCase_DeletePerson_Wrong_Some -->
