<?xml version="1.0" encoding="UTF-8"?>
<!-- Generated by org.testng.reporters.JUnitReportReporter -->
<testsuite hostname="DESKTOP-CD64S2Q" failures="0" tests="1" name="Establishment.Login.testCase.TestCase_LoginUsernameCorrect_PasswordWrongWhitEmail" time="8.541" errors="0" timestamp="2022-01-09T16:22:03 IRST" skipped="0">
  <testcase classname="Establishment.Login.testCase.TestCase_LoginUsernameCorrect_PasswordWrongWhitEmail" name="f" time="8.541"/>
  <system-out/>
</testsuite> <!-- Establishment.Login.testCase.TestCase_LoginUsernameCorrect_PasswordWrongWhitEmail -->
