<?xml version="1.0" encoding="UTF-8"?>
<!-- Generated by org.testng.reporters.JUnitReportReporter -->
<testsuite hostname="DESKTOP-CD64S2Q" failures="0" tests="1" name="AccountSide.AccountGroup.testCase.Sreach.TestCase_SreachAccountGroup" time="9.379" errors="0" timestamp="2022-01-18T15:43:58 IRST" skipped="0">
  <testcase classname="AccountSide.AccountGroup.testCase.Sreach.TestCase_SreachAccountGroup" name="f" time="9.379"/>
  <system-out/>
</testsuite> <!-- AccountSide.AccountGroup.testCase.Sreach.TestCase_SreachAccountGroup -->
