<?xml version="1.0" encoding="UTF-8"?>
<!-- Generated by org.testng.reporters.JUnitReportReporter -->
<testsuite hostname="DESKTOP-CD64S2Q" failures="0" tests="1" name="PersonSide.Person.testCase.Delete.TestCase_DeletePerson_Correct_Some" time="10.911" errors="0" timestamp="2022-01-25T13:59:55 IRST" skipped="0">
  <testcase classname="PersonSide.Person.testCase.Delete.TestCase_DeletePerson_Correct_Some" name="f" time="10.911"/>
  <system-out/>
</testsuite> <!-- PersonSide.Person.testCase.Delete.TestCase_DeletePerson_Correct_Some -->
